Traceback (most recent call last):
  File "/home/jj19/rotations/aiplat/genalog/.env/lib/python3.6/site-packages/jupyter_cache/executors/utils.py", line 56, in single_nb_execution
    record_timing=False,
  File "/home/jj19/rotations/aiplat/genalog/.env/lib/python3.6/site-packages/nbclient/client.py", line 1112, in execute
    return NotebookClient(nb=nb, resources=resources, km=km, **kwargs).execute()
  File "/home/jj19/rotations/aiplat/genalog/.env/lib/python3.6/site-packages/nbclient/util.py", line 74, in wrapped
    return just_run(coro(*args, **kwargs))
  File "/home/jj19/rotations/aiplat/genalog/.env/lib/python3.6/site-packages/nbclient/util.py", line 53, in just_run
    return loop.run_until_complete(coro)
  File "/usr/lib/python3.6/asyncio/base_events.py", line 484, in run_until_complete
    return future.result()
  File "/home/jj19/rotations/aiplat/genalog/.env/lib/python3.6/site-packages/nbclient/client.py", line 554, in async_execute
    cell, index, execution_count=self.code_cells_executed + 1
  File "/home/jj19/rotations/aiplat/genalog/.env/lib/python3.6/site-packages/nbclient/client.py", line 857, in async_execute_cell
    self._check_raise_for_error(cell, exec_reply)
  File "/home/jj19/rotations/aiplat/genalog/.env/lib/python3.6/site-packages/nbclient/client.py", line 760, in _check_raise_for_error
    raise CellExecutionError.from_cell_and_msg(cell, exec_reply_content)
nbclient.exceptions.CellExecutionError: An error occurred while executing the following cell:
------------------
# for custom templates, please set template_path.
img_array = doc_generation.generate_img(sample_file, HTML_TEMPLATE, target_folder=None) # returns the raw image bytes if target_folder is not specified
------------------

[0;31m---------------------------------------------------------------------------[0m
[0;31mNameError[0m                                 Traceback (most recent call last)
[0;32m<ipython-input-7-9827567f72e6>[0m in [0;36m<module>[0;34m[0m
[1;32m      1[0m [0;31m# for custom templates, please set template_path.[0m[0;34m[0m[0;34m[0m[0;34m[0m[0m
[0;32m----> 2[0;31m [0mimg_array[0m [0;34m=[0m [0mdoc_generation[0m[0;34m.[0m[0mgenerate_img[0m[0;34m([0m[0msample_file[0m[0;34m,[0m [0mHTML_TEMPLATE[0m[0;34m,[0m [0mtarget_folder[0m[0;34m=[0m[0;32mNone[0m[0;34m)[0m [0;31m# returns the raw image bytes if target_folder is not specified[0m[0;34m[0m[0;34m[0m[0m
[0m
[0;31mNameError[0m: name 'sample_file' is not defined
NameError: name 'sample_file' is not defined

